2023-03-30 12:48:55,006 - data_job_etl.config.etl_logger - ERROR - This is an error
2023-03-30 12:49:11,500 - data_job_etl.config.etl_logger - ERROR - This is an error
2023-03-30 12:49:13,400 - data_job_etl.config.etl_logger - ERROR - This is an error
2023-03-30 12:50:09,927 - data_job_etl.config.etl_logger - ERROR - This is an error
2023-03-30 12:50:58,551 - data_job_etl.config.etl_logger - ERROR - This is an error
2023-03-30 12:51:18,719 - data_job_etl.config.etl_logger - ERROR - This is an error
2023-03-30 12:51:39,048 - data_job_etl.config.etl_logger - ERROR - This is an error
2023-03-30 12:52:15,958 - data_job_etl.config.etl_logger - ERROR - This is an error
2023-03-30 12:52:51,390 - data_job_etl.config.etl_logger - ERROR - This is an error
2023-03-30 12:53:26,612 - data_job_etl.config.etl_logger - ERROR - This is an error
2023-03-30 12:54:01,506 - data_job_etl.config.etl_logger - ERROR - This is an error
2023-03-30 12:54:36,741 - data_job_etl.config.etl_logger - ERROR - This is an error
2023-03-30 12:55:12,731 - data_job_etl.config.etl_logger - ERROR - This is an error
2023-03-30 12:55:49,592 - data_job_etl.config.etl_logger - ERROR - This is an error
2023-03-30 12:56:23,389 - data_job_etl.config.etl_logger - ERROR - This is an error
2023-03-30 12:56:56,251 - data_job_etl.config.etl_logger - ERROR - This is an error
2023-03-30 12:57:30,394 - data_job_etl.config.etl_logger - ERROR - This is an error
2023-03-30 12:58:04,195 - data_job_etl.config.etl_logger - ERROR - This is an error
2023-03-30 12:58:52,656 - data_job_etl.config.etl_logger - ERROR - This is an error
2023-03-30 12:59:26,973 - data_job_etl.config.etl_logger - ERROR - This is an error
2023-03-30 13:00:00,919 - data_job_etl.config.etl_logger - ERROR - This is an error
2023-03-30 13:00:48,780 - data_job_etl.config.etl_logger - ERROR - This is an error
2023-03-30 13:01:37,440 - data_job_etl.config.etl_logger - ERROR - This is an error
2023-03-30 13:02:14,117 - data_job_etl.config.etl_logger - ERROR - This is an error
2023-03-30 13:02:50,320 - data_job_etl.config.etl_logger - ERROR - This is an error
2023-03-30 13:03:28,222 - data_job_etl.config.etl_logger - ERROR - This is an error
2023-03-30 13:04:05,953 - data_job_etl.config.etl_logger - ERROR - This is an error
2023-03-30 13:04:43,376 - data_job_etl.config.etl_logger - ERROR - This is an error
2023-03-30 13:05:17,984 - data_job_etl.config.etl_logger - ERROR - This is an error
2023-03-30 13:05:56,816 - data_job_etl.config.etl_logger - ERROR - This is an error
2023-03-30 13:06:43,843 - data_job_etl.config.etl_logger - ERROR - This is an error
2023-03-30 13:07:28,941 - data_job_etl.config.etl_logger - ERROR - This is an error
2023-03-30 13:08:15,408 - data_job_etl.config.etl_logger - ERROR - This is an error
2023-03-30 13:08:57,294 - data_job_etl.config.etl_logger - ERROR - This is an error
2023-03-30 13:09:37,491 - data_job_etl.config.etl_logger - ERROR - This is an error
2023-03-30 13:10:19,146 - data_job_etl.config.etl_logger - ERROR - This is an error
2023-03-30 13:10:59,388 - data_job_etl.config.etl_logger - ERROR - This is an error
2023-03-30 13:11:38,853 - data_job_etl.config.etl_logger - ERROR - This is an error
2023-03-30 13:12:20,637 - data_job_etl.config.etl_logger - ERROR - This is an error
2023-03-30 13:13:00,855 - data_job_etl.config.etl_logger - ERROR - This is an error
2023-03-30 13:13:39,692 - data_job_etl.config.etl_logger - ERROR - This is an error
2023-03-30 13:14:21,219 - data_job_etl.config.etl_logger - ERROR - This is an error
2023-03-30 13:15:15,788 - data_job_etl.config.etl_logger - ERROR - This is an error
2023-03-30 13:16:11,534 - data_job_etl.config.etl_logger - ERROR - This is an error
2023-03-30 13:17:09,332 - data_job_etl.config.etl_logger - ERROR - This is an error
2023-03-30 13:18:10,479 - data_job_etl.config.etl_logger - ERROR - This is an error
2023-03-30 13:19:06,198 - data_job_etl.config.etl_logger - ERROR - This is an error
2023-03-30 13:20:03,347 - data_job_etl.config.etl_logger - ERROR - This is an error
2023-03-30 13:20:59,914 - data_job_etl.config.etl_logger - ERROR - This is an error
2023-03-30 13:21:59,482 - data_job_etl.config.etl_logger - ERROR - This is an error
2023-03-30 13:22:54,789 - data_job_etl.config.etl_logger - ERROR - This is an error
2023-03-30 13:23:51,723 - data_job_etl.config.etl_logger - ERROR - This is an error
2023-03-30 13:24:44,641 - data_job_etl.config.etl_logger - ERROR - This is an error
2023-03-30 13:25:41,094 - data_job_etl.config.etl_logger - ERROR - This is an error
2023-03-30 13:26:41,009 - data_job_etl.config.etl_logger - ERROR - This is an error
2023-03-30 13:27:21,391 - data_job_etl.config.etl_logger - ERROR - This is an error
2023-03-30 13:28:15,890 - data_job_etl.config.etl_logger - ERROR - This is an error
2023-03-30 13:29:07,477 - data_job_etl.config.etl_logger - ERROR - This is an error
2023-03-30 13:29:53,357 - data_job_etl.config.etl_logger - ERROR - This is an error
2023-03-30 13:30:42,417 - data_job_etl.config.etl_logger - ERROR - This is an error
2023-03-30 13:31:20,911 - data_job_etl.config.etl_logger - ERROR - This is an error
2023-03-30 13:32:22,782 - data_job_etl.config.etl_logger - ERROR - This is an error
2023-03-30 13:33:20,401 - data_job_etl.config.etl_logger - ERROR - This is an error
2023-03-30 13:34:02,654 - data_job_etl.config.etl_logger - ERROR - This is an error
2023-03-30 13:34:46,894 - data_job_etl.config.etl_logger - ERROR - This is an error
2023-03-30 13:35:31,922 - data_job_etl.config.etl_logger - ERROR - This is an error
2023-03-30 13:36:10,394 - data_job_etl.config.etl_logger - ERROR - This is an error
2023-03-30 13:36:53,705 - data_job_etl.config.etl_logger - ERROR - This is an error
2023-03-30 13:37:37,609 - data_job_etl.config.etl_logger - ERROR - This is an error
2023-03-30 13:38:16,709 - data_job_etl.config.etl_logger - ERROR - This is an error
2023-03-30 13:38:58,787 - data_job_etl.config.etl_logger - ERROR - This is an error
2023-03-30 13:39:49,307 - data_job_etl.config.etl_logger - ERROR - This is an error
2023-03-30 13:40:28,156 - data_job_etl.config.etl_logger - ERROR - This is an error
2023-03-30 13:41:03,135 - data_job_etl.config.etl_logger - ERROR - This is an error
2023-03-30 13:42:01,774 - data_job_etl.config.etl_logger - ERROR - This is an error
2023-03-30 13:42:53,641 - data_job_etl.config.etl_logger - ERROR - This is an error
2023-03-30 13:43:37,259 - data_job_etl.config.etl_logger - ERROR - This is an error
2023-03-30 13:44:16,824 - data_job_etl.config.etl_logger - ERROR - This is an error
2023-03-30 13:45:00,865 - data_job_etl.config.etl_logger - ERROR - This is an error
2023-03-30 13:45:44,441 - data_job_etl.config.etl_logger - ERROR - This is an error
2023-03-30 13:46:24,034 - data_job_etl.config.etl_logger - ERROR - This is an error
2023-03-30 13:47:03,662 - data_job_etl.config.etl_logger - ERROR - This is an error
2023-03-30 13:47:42,617 - data_job_etl.config.etl_logger - ERROR - This is an error
2023-03-30 13:48:21,463 - data_job_etl.config.etl_logger - ERROR - This is an error
2023-03-30 13:49:00,605 - data_job_etl.config.etl_logger - ERROR - This is an error
2023-03-30 13:49:41,298 - data_job_etl.config.etl_logger - ERROR - This is an error
2023-03-30 13:50:28,191 - data_job_etl.config.etl_logger - ERROR - This is an error
2023-03-30 13:51:33,150 - data_job_etl.config.etl_logger - ERROR - This is an error
2023-03-30 13:52:47,920 - data_job_etl.config.etl_logger - ERROR - This is an error
2023-03-30 13:53:50,392 - data_job_etl.config.etl_logger - ERROR - This is an error
2023-03-30 13:54:45,169 - data_job_etl.config.etl_logger - ERROR - This is an error
2023-03-30 13:55:57,469 - data_job_etl.config.etl_logger - ERROR - This is an error
2023-03-30 13:57:16,785 - data_job_etl.config.etl_logger - ERROR - This is an error
2023-03-30 13:58:55,307 - data_job_etl.config.etl_logger - ERROR - This is an error
2023-03-30 14:00:18,571 - data_job_etl.config.etl_logger - ERROR - This is an error
2023-03-30 14:00:58,563 - data_job_etl.config.etl_logger - ERROR - This is an error
2023-03-30 14:01:44,034 - data_job_etl.config.etl_logger - ERROR - This is an error
2023-03-30 14:02:28,108 - data_job_etl.config.etl_logger - ERROR - This is an error
2023-03-30 14:03:13,409 - data_job_etl.config.etl_logger - ERROR - This is an error
2023-03-30 14:03:56,235 - data_job_etl.config.etl_logger - ERROR - This is an error
2023-03-30 14:04:39,007 - data_job_etl.config.etl_logger - ERROR - This is an error
2023-03-30 14:05:34,818 - data_job_etl.config.etl_logger - ERROR - This is an error
2023-03-30 14:06:41,902 - data_job_etl.config.etl_logger - ERROR - This is an error
2023-03-30 14:07:50,099 - data_job_etl.config.etl_logger - ERROR - This is an error
2023-03-30 14:08:20,268 - data_job_etl.config.etl_logger - ERROR - This is an error
2023-03-30 14:08:24,537 - data_job_etl.config.etl_logger - ERROR - This is an error
2023-03-30 14:08:27,834 - data_job_etl.config.etl_logger - ERROR - This is an error
2023-03-30 14:09:38,325 - data_job_etl.config.etl_logger - ERROR - This is an error
2023-03-30 14:10:08,463 - data_job_etl.config.etl_logger - ERROR - This is an error
2023-03-30 14:10:35,359 - data_job_etl.config.etl_logger - ERROR - This is an error
2023-03-30 14:10:59,848 - data_job_etl.config.etl_logger - ERROR - This is an error
2023-03-30 14:11:26,098 - data_job_etl.config.etl_logger - ERROR - This is an error
2023-03-30 14:11:50,554 - data_job_etl.config.etl_logger - ERROR - This is an error
2023-03-30 14:12:19,939 - data_job_etl.config.etl_logger - ERROR - This is an error
2023-03-30 14:12:49,942 - data_job_etl.config.etl_logger - ERROR - This is an error
2023-03-30 14:13:16,892 - data_job_etl.config.etl_logger - ERROR - This is an error
2023-03-30 14:13:41,894 - data_job_etl.config.etl_logger - ERROR - This is an error
2023-03-30 14:14:05,314 - data_job_etl.config.etl_logger - ERROR - This is an error
2023-03-30 14:14:29,288 - data_job_etl.config.etl_logger - ERROR - This is an error
2023-03-30 14:14:58,232 - data_job_etl.config.etl_logger - ERROR - This is an error
2023-03-30 14:15:41,944 - data_job_etl.config.etl_logger - ERROR - This is an error
2023-03-30 14:16:18,271 - data_job_etl.config.etl_logger - ERROR - This is an error
2023-03-30 14:16:45,475 - data_job_etl.config.etl_logger - ERROR - This is an error
2023-03-30 14:17:09,538 - data_job_etl.config.etl_logger - ERROR - This is an error
2023-03-30 14:17:33,851 - data_job_etl.config.etl_logger - ERROR - This is an error
2023-03-30 14:18:04,008 - data_job_etl.config.etl_logger - ERROR - This is an error
2023-03-30 14:18:49,552 - data_job_etl.config.etl_logger - ERROR - This is an error
2023-03-30 14:19:27,077 - data_job_etl.config.etl_logger - ERROR - This is an error
2023-03-30 14:19:46,545 - data_job_etl.config.etl_logger - ERROR - This is an error
2023-03-30 14:19:49,478 - data_job_etl.config.etl_logger - ERROR - This is an error
2023-03-30 14:19:56,276 - data_job_etl.config.etl_logger - ERROR - This is an error
2023-03-30 14:20:22,140 - data_job_etl.config.etl_logger - ERROR - This is an error
2023-03-30 14:20:52,025 - data_job_etl.config.etl_logger - ERROR - This is an error
2023-03-30 14:21:23,812 - data_job_etl.config.etl_logger - ERROR - This is an error
2023-03-30 14:21:59,613 - data_job_etl.config.etl_logger - ERROR - This is an error
2023-03-30 14:22:31,150 - data_job_etl.config.etl_logger - ERROR - This is an error
2023-03-30 14:23:13,001 - data_job_etl.config.etl_logger - ERROR - This is an error
2023-03-30 14:23:51,462 - data_job_etl.config.etl_logger - ERROR - This is an error
2023-03-30 14:24:23,566 - data_job_etl.config.etl_logger - ERROR - This is an error
2023-03-30 14:24:52,637 - data_job_etl.config.etl_logger - ERROR - This is an error
2023-03-30 14:25:24,289 - data_job_etl.config.etl_logger - ERROR - This is an error
2023-03-30 14:25:52,835 - data_job_etl.config.etl_logger - ERROR - This is an error
2023-03-30 14:26:21,776 - data_job_etl.config.etl_logger - ERROR - This is an error
2023-03-30 14:26:48,975 - data_job_etl.config.etl_logger - ERROR - This is an error
2023-03-30 14:27:15,012 - data_job_etl.config.etl_logger - ERROR - This is an error
2023-03-30 14:27:45,463 - data_job_etl.config.etl_logger - ERROR - This is an error
2023-03-30 14:28:14,155 - data_job_etl.config.etl_logger - ERROR - This is an error
2023-03-30 14:28:40,130 - data_job_etl.config.etl_logger - ERROR - This is an error
2023-03-30 14:29:04,854 - data_job_etl.config.etl_logger - ERROR - This is an error
2023-03-30 14:29:27,263 - data_job_etl.config.etl_logger - ERROR - This is an error
2023-03-30 14:29:49,639 - data_job_etl.config.etl_logger - ERROR - This is an error
2023-03-30 14:30:12,004 - data_job_etl.config.etl_logger - ERROR - This is an error
2023-03-30 14:30:34,825 - data_job_etl.config.etl_logger - ERROR - This is an error
2023-03-30 14:30:57,932 - data_job_etl.config.etl_logger - ERROR - This is an error
2023-03-30 14:31:25,853 - data_job_etl.config.etl_logger - ERROR - This is an error
2023-03-30 14:32:08,863 - data_job_etl.config.etl_logger - ERROR - This is an error
2023-03-30 14:32:48,749 - data_job_etl.config.etl_logger - ERROR - This is an error
2023-03-30 14:33:23,733 - data_job_etl.config.etl_logger - ERROR - This is an error
2023-03-30 14:34:13,842 - data_job_etl.config.etl_logger - ERROR - This is an error
2023-03-30 14:35:24,625 - data_job_etl.config.etl_logger - ERROR - This is an error
2023-03-30 14:35:59,099 - data_job_etl.config.etl_logger - ERROR - This is an error
2023-03-30 14:36:18,031 - data_job_etl.config.etl_logger - ERROR - This is an error
2023-03-30 14:36:38,521 - data_job_etl.config.etl_logger - ERROR - This is an error
2023-03-30 14:36:57,550 - data_job_etl.config.etl_logger - ERROR - This is an error
2023-03-30 14:37:18,249 - data_job_etl.config.etl_logger - ERROR - This is an error
2023-03-30 14:37:38,593 - data_job_etl.config.etl_logger - ERROR - This is an error
2023-03-30 14:37:58,046 - data_job_etl.config.etl_logger - ERROR - This is an error
2023-03-30 14:38:19,218 - data_job_etl.config.etl_logger - ERROR - This is an error
2023-03-30 14:38:38,754 - data_job_etl.config.etl_logger - ERROR - This is an error
2023-03-30 14:39:00,223 - data_job_etl.config.etl_logger - ERROR - This is an error
2023-03-30 14:39:19,363 - data_job_etl.config.etl_logger - ERROR - This is an error
2023-03-30 14:39:38,409 - data_job_etl.config.etl_logger - ERROR - This is an error
2023-03-30 14:39:57,670 - data_job_etl.config.etl_logger - ERROR - This is an error
2023-03-30 14:40:18,957 - data_job_etl.config.etl_logger - ERROR - This is an error
2023-03-30 14:40:38,170 - data_job_etl.config.etl_logger - ERROR - This is an error
2023-03-30 14:40:58,348 - data_job_etl.config.etl_logger - ERROR - This is an error
2023-03-30 14:41:19,072 - data_job_etl.config.etl_logger - ERROR - This is an error
2023-03-30 14:41:38,926 - data_job_etl.config.etl_logger - ERROR - This is an error
2023-03-30 14:41:59,838 - data_job_etl.config.etl_logger - ERROR - This is an error
2023-03-30 14:42:19,616 - data_job_etl.config.etl_logger - ERROR - This is an error
2023-03-30 14:42:38,799 - data_job_etl.config.etl_logger - ERROR - This is an error
2023-03-30 14:43:01,077 - data_job_etl.config.etl_logger - ERROR - This is an error
2023-03-30 14:43:25,225 - data_job_etl.config.etl_logger - ERROR - This is an error
2023-03-30 14:43:48,498 - data_job_etl.config.etl_logger - ERROR - This is an error
2023-03-30 14:44:10,267 - data_job_etl.config.etl_logger - ERROR - This is an error
2023-03-30 14:44:31,252 - data_job_etl.config.etl_logger - ERROR - This is an error
2023-03-30 14:44:50,687 - data_job_etl.config.etl_logger - ERROR - This is an error
2023-03-30 14:45:11,763 - data_job_etl.config.etl_logger - ERROR - This is an error
2023-03-30 14:45:31,332 - data_job_etl.config.etl_logger - ERROR - This is an error
2023-03-30 14:45:51,002 - data_job_etl.config.etl_logger - ERROR - This is an error
2023-03-30 14:46:11,903 - data_job_etl.config.etl_logger - ERROR - This is an error
2023-03-30 14:46:31,468 - data_job_etl.config.etl_logger - ERROR - This is an error
2023-03-30 14:46:50,426 - data_job_etl.config.etl_logger - ERROR - This is an error
2023-03-30 14:47:11,088 - data_job_etl.config.etl_logger - ERROR - This is an error
2023-03-30 14:47:30,438 - data_job_etl.config.etl_logger - ERROR - This is an error
2023-03-30 14:47:49,371 - data_job_etl.config.etl_logger - ERROR - This is an error
2023-03-30 14:48:11,054 - data_job_etl.config.etl_logger - ERROR - This is an error
2023-03-30 14:48:29,981 - data_job_etl.config.etl_logger - ERROR - This is an error
2023-03-30 14:48:48,398 - data_job_etl.config.etl_logger - ERROR - This is an error
2023-03-30 14:49:07,702 - data_job_etl.config.etl_logger - ERROR - This is an error
2023-03-30 14:49:27,202 - data_job_etl.config.etl_logger - ERROR - This is an error
2023-03-30 14:49:46,168 - data_job_etl.config.etl_logger - ERROR - This is an error
2023-03-30 14:50:06,959 - data_job_etl.config.etl_logger - ERROR - This is an error
2023-03-30 14:50:26,547 - data_job_etl.config.etl_logger - ERROR - This is an error
2023-03-30 14:50:46,407 - data_job_etl.config.etl_logger - ERROR - This is an error
2023-03-30 14:51:07,474 - data_job_etl.config.etl_logger - ERROR - This is an error
2023-03-30 14:51:27,418 - data_job_etl.config.etl_logger - ERROR - This is an error
2023-03-30 14:51:48,201 - data_job_etl.config.etl_logger - ERROR - This is an error
2023-03-30 14:52:10,324 - data_job_etl.config.etl_logger - ERROR - This is an error
2023-03-30 14:52:32,546 - data_job_etl.config.etl_logger - ERROR - This is an error
2023-03-30 14:52:52,524 - data_job_etl.config.etl_logger - ERROR - This is an error
2023-03-30 14:53:13,925 - data_job_etl.config.etl_logger - ERROR - This is an error
2023-03-30 14:53:33,849 - data_job_etl.config.etl_logger - ERROR - This is an error
2023-03-30 14:53:53,526 - data_job_etl.config.etl_logger - ERROR - This is an error
2023-03-30 14:54:12,194 - data_job_etl.config.etl_logger - ERROR - This is an error
2023-03-30 14:54:30,822 - data_job_etl.config.etl_logger - ERROR - This is an error
2023-03-30 14:54:48,684 - data_job_etl.config.etl_logger - ERROR - This is an error
2023-03-30 14:55:06,971 - data_job_etl.config.etl_logger - ERROR - This is an error
2023-03-30 14:55:25,062 - data_job_etl.config.etl_logger - ERROR - This is an error
2023-03-30 14:55:43,188 - data_job_etl.config.etl_logger - ERROR - This is an error
2023-03-30 14:56:01,225 - data_job_etl.config.etl_logger - ERROR - This is an error
2023-03-30 14:56:19,904 - data_job_etl.config.etl_logger - ERROR - This is an error
2023-03-30 14:56:38,552 - data_job_etl.config.etl_logger - ERROR - This is an error
2023-03-30 14:56:56,801 - data_job_etl.config.etl_logger - ERROR - This is an error
2023-03-30 14:57:15,460 - data_job_etl.config.etl_logger - ERROR - This is an error
2023-03-30 14:57:34,193 - data_job_etl.config.etl_logger - ERROR - This is an error
2023-03-30 14:57:52,450 - data_job_etl.config.etl_logger - ERROR - This is an error
2023-03-30 14:58:11,489 - data_job_etl.config.etl_logger - ERROR - This is an error
2023-03-30 14:58:29,752 - data_job_etl.config.etl_logger - ERROR - This is an error
2023-03-30 14:58:48,661 - data_job_etl.config.etl_logger - ERROR - This is an error
2023-03-30 14:59:07,902 - data_job_etl.config.etl_logger - ERROR - This is an error
2023-03-30 14:59:26,404 - data_job_etl.config.etl_logger - ERROR - This is an error
2023-03-30 14:59:44,882 - data_job_etl.config.etl_logger - ERROR - This is an error
2023-03-30 15:00:02,450 - data_job_etl.config.etl_logger - ERROR - This is an error
2023-03-30 15:00:20,512 - data_job_etl.config.etl_logger - ERROR - This is an error
2023-03-30 15:00:39,383 - data_job_etl.config.etl_logger - ERROR - This is an error
2023-03-30 15:00:57,563 - data_job_etl.config.etl_logger - ERROR - This is an error
2023-03-30 15:01:15,643 - data_job_etl.config.etl_logger - ERROR - This is an error
2023-03-30 15:01:34,043 - data_job_etl.config.etl_logger - ERROR - This is an error
2023-03-30 15:01:52,808 - data_job_etl.config.etl_logger - ERROR - This is an error
2023-03-30 15:02:09,998 - data_job_etl.config.etl_logger - ERROR - This is an error
2023-03-30 15:02:25,615 - data_job_etl.config.etl_logger - ERROR - This is an error
2023-03-30 15:02:42,901 - data_job_etl.config.etl_logger - ERROR - This is an error
2023-03-30 15:02:58,599 - data_job_etl.config.etl_logger - ERROR - This is an error
2023-03-30 15:03:15,990 - data_job_etl.config.etl_logger - ERROR - This is an error
2023-03-30 15:03:33,136 - data_job_etl.config.etl_logger - ERROR - This is an error
2023-03-30 15:03:51,606 - data_job_etl.config.etl_logger - ERROR - This is an error
2023-03-30 15:04:10,708 - data_job_etl.config.etl_logger - ERROR - This is an error
2023-03-30 15:04:29,167 - data_job_etl.config.etl_logger - ERROR - This is an error
2023-03-30 15:04:47,557 - data_job_etl.config.etl_logger - ERROR - This is an error
2023-03-30 15:05:05,586 - data_job_etl.config.etl_logger - ERROR - This is an error
2023-03-30 15:05:21,543 - data_job_etl.config.etl_logger - ERROR - This is an error
2023-03-30 15:05:39,092 - data_job_etl.config.etl_logger - ERROR - This is an error
2023-03-30 15:05:57,811 - data_job_etl.config.etl_logger - ERROR - This is an error
2023-03-30 15:06:14,171 - data_job_etl.config.etl_logger - ERROR - This is an error
2023-03-30 15:06:33,473 - data_job_etl.config.etl_logger - ERROR - This is an error
2023-03-30 15:06:50,129 - data_job_etl.config.etl_logger - ERROR - This is an error
2023-03-30 15:07:06,052 - data_job_etl.config.etl_logger - ERROR - This is an error
2023-03-30 15:07:23,779 - data_job_etl.config.etl_logger - ERROR - This is an error
2023-03-30 15:07:42,100 - data_job_etl.config.etl_logger - ERROR - This is an error
2023-03-30 15:08:00,185 - data_job_etl.config.etl_logger - ERROR - This is an error
2023-03-30 15:08:18,096 - data_job_etl.config.etl_logger - ERROR - This is an error
2023-03-30 15:08:35,978 - data_job_etl.config.etl_logger - ERROR - This is an error
2023-03-30 15:08:51,678 - data_job_etl.config.etl_logger - ERROR - This is an error
2023-03-30 15:09:08,361 - data_job_etl.config.etl_logger - ERROR - This is an error
2023-03-30 15:09:24,428 - data_job_etl.config.etl_logger - ERROR - This is an error
2023-03-30 15:09:41,341 - data_job_etl.config.etl_logger - ERROR - This is an error
2023-03-30 15:09:57,087 - data_job_etl.config.etl_logger - ERROR - This is an error
2023-03-30 15:10:14,181 - data_job_etl.config.etl_logger - ERROR - This is an error
2023-03-30 15:10:31,506 - data_job_etl.config.etl_logger - ERROR - This is an error
2023-03-30 15:10:49,233 - data_job_etl.config.etl_logger - ERROR - This is an error
2023-03-30 15:11:08,424 - data_job_etl.config.etl_logger - ERROR - This is an error
2023-03-30 15:11:24,647 - data_job_etl.config.etl_logger - ERROR - This is an error
2023-03-30 15:11:41,993 - data_job_etl.config.etl_logger - ERROR - This is an error
2023-03-30 15:12:01,370 - data_job_etl.config.etl_logger - ERROR - This is an error
2023-03-30 15:12:22,312 - data_job_etl.config.etl_logger - ERROR - This is an error
2023-03-30 15:12:42,088 - data_job_etl.config.etl_logger - ERROR - This is an error
2023-03-30 15:12:59,569 - data_job_etl.config.etl_logger - ERROR - This is an error
2023-03-30 15:13:15,841 - data_job_etl.config.etl_logger - ERROR - This is an error
2023-03-30 15:13:31,533 - data_job_etl.config.etl_logger - ERROR - This is an error
2023-03-30 15:13:49,747 - data_job_etl.config.etl_logger - ERROR - This is an error
2023-03-30 15:14:07,058 - data_job_etl.config.etl_logger - ERROR - This is an error
2023-03-30 15:14:24,631 - data_job_etl.config.etl_logger - ERROR - This is an error
2023-03-30 15:14:40,288 - data_job_etl.config.etl_logger - ERROR - This is an error
2023-03-30 15:14:57,526 - data_job_etl.config.etl_logger - ERROR - This is an error
2023-03-30 15:15:14,170 - data_job_etl.config.etl_logger - ERROR - This is an error
2023-03-30 15:15:30,514 - data_job_etl.config.etl_logger - ERROR - This is an error
2023-03-30 15:15:48,202 - data_job_etl.config.etl_logger - ERROR - This is an error
2023-03-30 15:16:04,166 - data_job_etl.config.etl_logger - ERROR - This is an error
2023-03-30 15:16:21,118 - data_job_etl.config.etl_logger - ERROR - This is an error
2023-03-30 15:16:37,071 - data_job_etl.config.etl_logger - ERROR - This is an error
2023-03-30 15:16:54,255 - data_job_etl.config.etl_logger - ERROR - This is an error
2023-03-30 15:17:10,213 - data_job_etl.config.etl_logger - ERROR - This is an error
2023-03-30 15:17:27,366 - data_job_etl.config.etl_logger - ERROR - This is an error
2023-03-30 15:17:43,190 - data_job_etl.config.etl_logger - ERROR - This is an error
2023-03-30 15:18:00,174 - data_job_etl.config.etl_logger - ERROR - This is an error
2023-03-30 15:18:16,052 - data_job_etl.config.etl_logger - ERROR - This is an error
2023-03-30 15:18:32,984 - data_job_etl.config.etl_logger - ERROR - This is an error
2023-03-30 15:18:48,742 - data_job_etl.config.etl_logger - ERROR - This is an error
2023-03-30 15:19:05,677 - data_job_etl.config.etl_logger - ERROR - This is an error
2023-03-30 15:19:21,437 - data_job_etl.config.etl_logger - ERROR - This is an error
2023-03-30 15:19:38,518 - data_job_etl.config.etl_logger - ERROR - This is an error
2023-03-30 15:19:55,538 - data_job_etl.config.etl_logger - ERROR - This is an error
2023-03-30 15:20:12,136 - data_job_etl.config.etl_logger - ERROR - This is an error
2023-03-31 15:48:31,445 - data_job_etl.config.etl_logger - ERROR - This is an error
2023-03-31 15:48:47,627 - data_job_etl.config.etl_logger - ERROR - This is an error
2023-03-31 15:48:49,981 - data_job_etl.config.etl_logger - ERROR - This is an error
2023-03-31 15:49:45,584 - data_job_etl.config.etl_logger - ERROR - This is an error
2023-03-31 15:50:42,915 - data_job_etl.config.etl_logger - ERROR - This is an error
2023-03-31 15:50:57,015 - data_job_etl.config.etl_logger - ERROR - This is an error
2023-03-31 15:51:01,654 - data_job_etl.config.etl_logger - ERROR - This is an error
2023-03-31 15:51:23,602 - data_job_etl.config.etl_logger - ERROR - This is an error
2023-03-31 15:51:59,073 - data_job_etl.config.etl_logger - ERROR - This is an error
2023-03-31 15:52:36,193 - data_job_etl.config.etl_logger - ERROR - This is an error
2023-03-31 15:53:10,942 - data_job_etl.config.etl_logger - ERROR - This is an error
2023-03-31 15:53:46,408 - data_job_etl.config.etl_logger - ERROR - This is an error
2023-03-31 15:54:23,322 - data_job_etl.config.etl_logger - ERROR - This is an error
2023-03-31 15:54:57,974 - data_job_etl.config.etl_logger - ERROR - This is an error
2023-03-31 15:55:30,848 - data_job_etl.config.etl_logger - ERROR - This is an error
2023-03-31 15:56:07,589 - data_job_etl.config.etl_logger - ERROR - This is an error
2023-03-31 15:56:42,842 - data_job_etl.config.etl_logger - ERROR - This is an error
2023-03-31 15:57:21,141 - data_job_etl.config.etl_logger - ERROR - This is an error
2023-03-31 15:57:56,139 - data_job_etl.config.etl_logger - ERROR - This is an error
2023-03-31 15:58:31,091 - data_job_etl.config.etl_logger - ERROR - This is an error
2023-03-31 15:59:08,138 - data_job_etl.config.etl_logger - ERROR - This is an error
2023-03-31 15:59:42,835 - data_job_etl.config.etl_logger - ERROR - This is an error
2023-03-31 16:00:17,767 - data_job_etl.config.etl_logger - ERROR - This is an error
2023-03-31 16:00:52,650 - data_job_etl.config.etl_logger - ERROR - This is an error
2023-03-31 16:01:27,954 - data_job_etl.config.etl_logger - ERROR - This is an error
2023-03-31 16:02:08,749 - data_job_etl.config.etl_logger - ERROR - This is an error
2023-03-31 16:02:48,790 - data_job_etl.config.etl_logger - ERROR - This is an error
2023-03-31 16:03:24,802 - data_job_etl.config.etl_logger - ERROR - This is an error
2023-03-31 16:03:44,471 - data_job_etl.config.etl_logger - ERROR - This is an error
2023-03-31 16:03:47,246 - data_job_etl.config.etl_logger - ERROR - This is an error
2023-03-31 16:03:48,745 - data_job_etl.config.etl_logger - ERROR - Exception occurred
Traceback (most recent call last):
  File "/Users/donor/PycharmProjects/data-job-etl/data_job_etl/etl.py", line 35, in main
    raw_jobs = extract()
  File "/Users/donor/PycharmProjects/data-job-etl/data_job_etl/etl.py", line 12, in extract
    raw_jobs = extractor.extract_table()
TypeError: extract_table() missing 1 required positional argument: 'table'
2023-03-31 16:04:00,588 - data_job_etl.config.etl_logger - ERROR - This is an error
2023-03-31 16:04:47,493 - data_job_etl.config.etl_logger - ERROR - This is an error
2023-03-31 16:05:33,898 - data_job_etl.config.etl_logger - ERROR - This is an error
2023-03-31 16:06:20,602 - data_job_etl.config.etl_logger - ERROR - This is an error
2023-03-31 16:07:07,135 - data_job_etl.config.etl_logger - ERROR - This is an error
2023-03-31 16:07:53,859 - data_job_etl.config.etl_logger - ERROR - This is an error
2023-03-31 16:08:40,133 - data_job_etl.config.etl_logger - ERROR - This is an error
2023-03-31 16:09:21,160 - data_job_etl.config.etl_logger - ERROR - This is an error
2023-03-31 16:09:55,944 - data_job_etl.config.etl_logger - ERROR - This is an error
2023-03-31 16:10:42,402 - data_job_etl.config.etl_logger - ERROR - This is an error
2023-03-31 16:11:26,390 - data_job_etl.config.etl_logger - ERROR - This is an error
2023-03-31 16:12:13,285 - data_job_etl.config.etl_logger - ERROR - This is an error
2023-03-31 16:13:00,662 - data_job_etl.config.etl_logger - ERROR - This is an error
2023-03-31 16:13:46,984 - data_job_etl.config.etl_logger - ERROR - This is an error
2023-03-31 16:14:33,976 - data_job_etl.config.etl_logger - ERROR - This is an error
2023-03-31 16:15:19,301 - data_job_etl.config.etl_logger - ERROR - This is an error
2023-03-31 16:16:07,080 - data_job_etl.config.etl_logger - ERROR - This is an error
2023-03-31 16:16:54,887 - data_job_etl.config.etl_logger - ERROR - This is an error
2023-03-31 16:17:41,418 - data_job_etl.config.etl_logger - ERROR - This is an error
2023-03-31 16:18:28,812 - data_job_etl.config.etl_logger - ERROR - This is an error
2023-03-31 16:19:14,370 - data_job_etl.config.etl_logger - ERROR - This is an error
2023-03-31 16:20:01,167 - data_job_etl.config.etl_logger - ERROR - This is an error
2023-03-31 16:20:47,434 - data_job_etl.config.etl_logger - ERROR - This is an error
2023-03-31 16:21:21,224 - data_job_etl.config.etl_logger - ERROR - This is an error
2023-03-31 16:22:07,540 - data_job_etl.config.etl_logger - ERROR - This is an error
2023-03-31 16:22:54,291 - data_job_etl.config.etl_logger - ERROR - This is an error
2023-03-31 16:23:42,801 - data_job_etl.config.etl_logger - ERROR - This is an error
2023-03-31 16:24:29,929 - data_job_etl.config.etl_logger - ERROR - This is an error
2023-03-31 16:25:18,258 - data_job_etl.config.etl_logger - ERROR - This is an error
2023-04-01 20:05:58,862 - data_job_etl.config.etl_logger - ERROR - This is an error
2023-04-01 20:06:13,537 - data_job_etl.config.etl_logger - ERROR - This is an error
2023-04-01 20:06:15,368 - data_job_etl.config.etl_logger - ERROR - This is an error
2023-04-01 20:07:13,455 - data_job_etl.config.etl_logger - ERROR - This is an error
2023-04-01 20:08:05,156 - data_job_etl.config.etl_logger - ERROR - This is an error
2023-04-01 20:08:15,287 - data_job_etl.config.etl_logger - ERROR - This is an error
2023-04-01 20:08:19,414 - data_job_etl.config.etl_logger - ERROR - This is an error
2023-04-01 20:08:54,334 - data_job_etl.config.etl_logger - ERROR - This is an error
2023-04-01 20:09:32,503 - data_job_etl.config.etl_logger - ERROR - This is an error
2023-04-01 20:10:10,500 - data_job_etl.config.etl_logger - ERROR - This is an error
2023-04-01 20:10:54,045 - data_job_etl.config.etl_logger - ERROR - This is an error
2023-04-01 20:11:42,094 - data_job_etl.config.etl_logger - ERROR - This is an error
2023-04-01 20:12:16,261 - data_job_etl.config.etl_logger - ERROR - This is an error
2023-04-01 20:12:50,502 - data_job_etl.config.etl_logger - ERROR - This is an error
2023-04-01 20:13:36,962 - data_job_etl.config.etl_logger - ERROR - This is an error
2023-04-01 20:14:23,845 - data_job_etl.config.etl_logger - ERROR - This is an error
2023-04-01 20:14:59,053 - data_job_etl.config.etl_logger - ERROR - This is an error
2023-04-01 20:15:38,301 - data_job_etl.config.etl_logger - ERROR - This is an error
2023-04-01 20:16:19,550 - data_job_etl.config.etl_logger - ERROR - This is an error
2023-04-01 20:16:55,810 - data_job_etl.config.etl_logger - ERROR - This is an error
2023-04-01 20:17:32,624 - data_job_etl.config.etl_logger - ERROR - This is an error
2023-04-01 20:18:07,820 - data_job_etl.config.etl_logger - ERROR - This is an error
2023-04-01 20:18:42,567 - data_job_etl.config.etl_logger - ERROR - This is an error
2023-04-01 20:19:30,264 - data_job_etl.config.etl_logger - ERROR - This is an error
2023-04-01 20:20:18,852 - data_job_etl.config.etl_logger - ERROR - This is an error
2023-04-01 20:20:24,649 - data_job_etl.config.etl_logger - ERROR - This is an error
2023-04-01 20:20:27,666 - data_job_etl.config.etl_logger - ERROR - This is an error
2023-04-01 20:21:00,358 - data_job_etl.config.etl_logger - ERROR - This is an error
2023-04-01 20:21:50,109 - data_job_etl.config.etl_logger - ERROR - This is an error
2023-04-01 20:22:34,356 - data_job_etl.config.etl_logger - ERROR - This is an error
2023-04-01 20:23:20,734 - data_job_etl.config.etl_logger - ERROR - This is an error
2023-04-01 20:24:02,738 - data_job_etl.config.etl_logger - ERROR - This is an error
2023-04-01 20:24:42,268 - data_job_etl.config.etl_logger - ERROR - This is an error
2023-04-01 20:25:21,742 - data_job_etl.config.etl_logger - ERROR - This is an error
2023-04-01 20:26:02,528 - data_job_etl.config.etl_logger - ERROR - This is an error
2023-04-01 20:26:45,177 - data_job_etl.config.etl_logger - ERROR - This is an error
2023-04-01 20:27:24,602 - data_job_etl.config.etl_logger - ERROR - This is an error
2023-04-01 20:28:04,660 - data_job_etl.config.etl_logger - ERROR - This is an error
2023-04-01 20:28:43,068 - data_job_etl.config.etl_logger - ERROR - This is an error
2023-04-01 20:29:22,519 - data_job_etl.config.etl_logger - ERROR - This is an error
2023-04-01 20:30:00,605 - data_job_etl.config.etl_logger - ERROR - This is an error
2023-04-01 20:30:39,367 - data_job_etl.config.etl_logger - ERROR - This is an error
2023-04-01 20:31:19,260 - data_job_etl.config.etl_logger - ERROR - This is an error
2023-04-01 20:31:57,620 - data_job_etl.config.etl_logger - ERROR - This is an error
2023-04-01 20:32:35,373 - data_job_etl.config.etl_logger - ERROR - This is an error
2023-04-01 20:33:13,386 - data_job_etl.config.etl_logger - ERROR - This is an error
2023-04-01 20:33:49,772 - data_job_etl.config.etl_logger - ERROR - This is an error
