[2023-05-26 14:14:37,286] {processor.py:153} INFO - Started process (PID=59973) to work on /usr/local/lib/python3.9/site-packages/airflow/example_dags/example_local_kubernetes_executor.py
[2023-05-26 14:14:37,286] {processor.py:641} INFO - Processing file /usr/local/lib/python3.9/site-packages/airflow/example_dags/example_local_kubernetes_executor.py for tasks to queue
[2023-05-26 14:14:37,287] {logging_mixin.py:115} INFO - [2023-05-26 14:14:37,287] {dagbag.py:508} INFO - Filling up the DagBag from /usr/local/lib/python3.9/site-packages/airflow/example_dags/example_local_kubernetes_executor.py
[2023-05-26 14:14:37,331] {logging_mixin.py:115} INFO - [2023-05-26 14:14:37,330] {example_local_kubernetes_executor.py:37} WARNING - Could not import DAGs in example_local_kubernetes_executor.py
Traceback (most recent call last):
  File "/usr/local/lib/python3.9/site-packages/airflow/example_dags/example_local_kubernetes_executor.py", line 35, in <module>
    from kubernetes.client import models as k8s
ModuleNotFoundError: No module named 'kubernetes'
[2023-05-26 14:14:37,331] {logging_mixin.py:115} INFO - [2023-05-26 14:14:37,331] {example_local_kubernetes_executor.py:38} WARNING - Install Kubernetes dependencies with: pip install apache-airflow[cncf.kubernetes]
[2023-05-26 14:14:37,331] {processor.py:653} WARNING - No viable dags retrieved from /usr/local/lib/python3.9/site-packages/airflow/example_dags/example_local_kubernetes_executor.py
[2023-05-26 14:14:37,397] {processor.py:161} INFO - Processing /usr/local/lib/python3.9/site-packages/airflow/example_dags/example_local_kubernetes_executor.py took 0.112 seconds
[2023-05-26 14:15:20,864] {processor.py:153} INFO - Started process (PID=60070) to work on /usr/local/lib/python3.9/site-packages/airflow/example_dags/example_local_kubernetes_executor.py
[2023-05-26 14:15:20,865] {processor.py:641} INFO - Processing file /usr/local/lib/python3.9/site-packages/airflow/example_dags/example_local_kubernetes_executor.py for tasks to queue
[2023-05-26 14:15:20,866] {logging_mixin.py:115} INFO - [2023-05-26 14:15:20,866] {dagbag.py:508} INFO - Filling up the DagBag from /usr/local/lib/python3.9/site-packages/airflow/example_dags/example_local_kubernetes_executor.py
[2023-05-26 14:15:20,902] {logging_mixin.py:115} INFO - [2023-05-26 14:15:20,902] {example_local_kubernetes_executor.py:37} WARNING - Could not import DAGs in example_local_kubernetes_executor.py
Traceback (most recent call last):
  File "/usr/local/lib/python3.9/site-packages/airflow/example_dags/example_local_kubernetes_executor.py", line 35, in <module>
    from kubernetes.client import models as k8s
ModuleNotFoundError: No module named 'kubernetes'
[2023-05-26 14:15:20,902] {logging_mixin.py:115} INFO - [2023-05-26 14:15:20,902] {example_local_kubernetes_executor.py:38} WARNING - Install Kubernetes dependencies with: pip install apache-airflow[cncf.kubernetes]
[2023-05-26 14:15:20,902] {processor.py:653} WARNING - No viable dags retrieved from /usr/local/lib/python3.9/site-packages/airflow/example_dags/example_local_kubernetes_executor.py
[2023-05-26 14:15:20,966] {processor.py:161} INFO - Processing /usr/local/lib/python3.9/site-packages/airflow/example_dags/example_local_kubernetes_executor.py took 0.103 seconds
