[2023-05-26 14:14:09,899] {processor.py:153} INFO - Started process (PID=59920) to work on /usr/local/lib/python3.9/site-packages/airflow/example_dags/example_xcomargs.py
[2023-05-26 14:14:09,899] {processor.py:641} INFO - Processing file /usr/local/lib/python3.9/site-packages/airflow/example_dags/example_xcomargs.py for tasks to queue
[2023-05-26 14:14:09,900] {logging_mixin.py:115} INFO - [2023-05-26 14:14:09,900] {dagbag.py:508} INFO - Filling up the DagBag from /usr/local/lib/python3.9/site-packages/airflow/example_dags/example_xcomargs.py
[2023-05-26 14:14:09,945] {processor.py:651} INFO - DAG(s) dict_keys(['example_xcom_args', 'example_xcom_args_with_operators']) retrieved from /usr/local/lib/python3.9/site-packages/airflow/example_dags/example_xcomargs.py
[2023-05-26 14:14:11,500] {logging_mixin.py:115} INFO - [2023-05-26 14:14:11,500] {manager.py:508} INFO - Created Permission View: can delete on DAG:example_xcom_args
[2023-05-26 14:14:11,515] {logging_mixin.py:115} INFO - [2023-05-26 14:14:11,515] {manager.py:508} INFO - Created Permission View: can read on DAG:example_xcom_args
[2023-05-26 14:14:11,523] {logging_mixin.py:115} INFO - [2023-05-26 14:14:11,523] {manager.py:508} INFO - Created Permission View: can edit on DAG:example_xcom_args
[2023-05-26 14:14:11,543] {logging_mixin.py:115} INFO - [2023-05-26 14:14:11,543] {manager.py:508} INFO - Created Permission View: can delete on DAG:example_xcom_args_with_operators
[2023-05-26 14:14:11,553] {logging_mixin.py:115} INFO - [2023-05-26 14:14:11,553] {manager.py:508} INFO - Created Permission View: can read on DAG:example_xcom_args_with_operators
[2023-05-26 14:14:11,565] {logging_mixin.py:115} INFO - [2023-05-26 14:14:11,565] {manager.py:508} INFO - Created Permission View: can edit on DAG:example_xcom_args_with_operators
[2023-05-26 14:14:11,575] {logging_mixin.py:115} INFO - [2023-05-26 14:14:11,575] {dag.py:2420} INFO - Sync 2 DAGs
[2023-05-26 14:14:11,588] {logging_mixin.py:115} INFO - [2023-05-26 14:14:11,588] {dag.py:2439} INFO - Creating ORM DAG for example_xcom_args
[2023-05-26 14:14:11,589] {logging_mixin.py:115} INFO - [2023-05-26 14:14:11,589] {dag.py:2439} INFO - Creating ORM DAG for example_xcom_args_with_operators
[2023-05-26 14:14:11,604] {logging_mixin.py:115} INFO - [2023-05-26 14:14:11,604] {dag.py:2968} INFO - Setting next_dagrun for example_xcom_args to None, run_after=None
[2023-05-26 14:14:11,605] {logging_mixin.py:115} INFO - [2023-05-26 14:14:11,605] {dag.py:2968} INFO - Setting next_dagrun for example_xcom_args_with_operators to None, run_after=None
[2023-05-26 14:14:11,625] {processor.py:161} INFO - Processing /usr/local/lib/python3.9/site-packages/airflow/example_dags/example_xcomargs.py took 1.727 seconds
[2023-05-26 14:15:08,160] {processor.py:153} INFO - Started process (PID=60038) to work on /usr/local/lib/python3.9/site-packages/airflow/example_dags/example_xcomargs.py
[2023-05-26 14:15:08,161] {processor.py:641} INFO - Processing file /usr/local/lib/python3.9/site-packages/airflow/example_dags/example_xcomargs.py for tasks to queue
[2023-05-26 14:15:08,162] {logging_mixin.py:115} INFO - [2023-05-26 14:15:08,162] {dagbag.py:508} INFO - Filling up the DagBag from /usr/local/lib/python3.9/site-packages/airflow/example_dags/example_xcomargs.py
[2023-05-26 14:15:08,211] {processor.py:651} INFO - DAG(s) dict_keys(['example_xcom_args', 'example_xcom_args_with_operators']) retrieved from /usr/local/lib/python3.9/site-packages/airflow/example_dags/example_xcomargs.py
[2023-05-26 14:15:09,469] {logging_mixin.py:115} INFO - [2023-05-26 14:15:09,469] {dag.py:2420} INFO - Sync 2 DAGs
[2023-05-26 14:15:09,492] {logging_mixin.py:115} INFO - [2023-05-26 14:15:09,492] {dag.py:2968} INFO - Setting next_dagrun for example_xcom_args to None, run_after=None
[2023-05-26 14:15:09,492] {logging_mixin.py:115} INFO - [2023-05-26 14:15:09,492] {dag.py:2968} INFO - Setting next_dagrun for example_xcom_args_with_operators to None, run_after=None
[2023-05-26 14:15:09,507] {processor.py:161} INFO - Processing /usr/local/lib/python3.9/site-packages/airflow/example_dags/example_xcomargs.py took 1.348 seconds
